
Showing logs for build [32mtroyhart-jxosos311-demo1-master-gxrzs-11[0m stage [32mfrom-build-pack[0m and container [32mstep-credential-initializer-kpxpp[0m
{"level":"warn","ts":1587319000.3262608,"logger":"fallback-logger","caller":"logging/config.go:69","msg":"Fetch GitHub commit ID from kodata failed: \"ref: refs/heads/0.8.0-**-support-backwards-incompats\" is not a valid GitHub commit ID"}
{"level":"info","ts":1587319000.3284097,"logger":"fallback-logger","caller":"creds-init/main.go:40","msg":"Credentials initialized."}

Showing logs for build [32mtroyhart-jxosos311-demo1-master-gxrzs-11[0m stage [32mfrom-build-pack[0m and container [32mstep-working-dir-initializer-bgz8b[0m
{"level":"warn","ts":1587319001.6014252,"logger":"fallback-logger","caller":"logging/config.go:69","msg":"Fetch GitHub commit ID from kodata failed: open /var/run/ko/HEAD: no such file or directory"}
{"level":"info","ts":1587319001.604624,"logger":"fallback-logger","caller":"bash/main.go:64","msg":"Successfully executed command \"sh -c mkdir -p /workspace/source\"; output "}

Showing logs for build [32mtroyhart-jxosos311-demo1-master-gxrzs-11[0m stage [32mfrom-build-pack[0m and container [32mstep-place-tools[0m

Showing logs for build [32mtroyhart-jxosos311-demo1-master-gxrzs-11[0m stage [32mfrom-build-pack[0m and container [32mstep-git-source-troyhart-jxosos311-demo1-master-gxrzs-k5929[0m
{"level":"warn","ts":1587319011.2949896,"logger":"fallback-logger","caller":"logging/config.go:69","msg":"Fetch GitHub commit ID from kodata failed: \"ref: refs/heads/0.8.0-**-support-backwards-incompats\" is not a valid GitHub commit ID"}
{"level":"info","ts":1587319012.1504831,"logger":"fallback-logger","caller":"git/git.go:103","msg":"Successfully cloned https://github.com/********/**osos311-demo1.git @ v1.3.0 in path /workspace/source"}

Showing logs for build [32mtroyhart-jxosos311-demo1-master-gxrzs-11[0m stage [32mfrom-build-pack[0m and container [32mstep-git-merge[0m
Using SHAs from PULL_REFS=master:13d44d4959db1f40c89a5090737368483d4e1bfb
WARNING: no SHAs to merge, falling back to initial cloned commit

Showing logs for build [32mtroyhart-jxosos311-demo1-master-gxrzs-11[0m stage [32mfrom-build-pack[0m and container [32mstep-setup-jx-git-credentials[0m
Generated Git credentials file /workspace/xdg_config/git/credentials

Showing logs for build [32mtroyhart-jxosos311-demo1-master-gxrzs-11[0m stage [32mfrom-build-pack[0m and container [32mstep-build-mvn-deploy[0m
Picked up _JAVA_OPTIONS: -XX:+UnlockExperimentalVMOptions -XX:+UseCGroupMemoryLimitForHeap -Dsun.zip.disableMemoryMapping=true -XX:+UseParallelGC -XX:MinHeapFreeRatio=5 -XX:MaxHeapFreeRatio=10 -XX:GCTimeRatio=4 -XX:AdaptiveSizePolicyWeight=90 -Xms10m -Xmx192m
OpenJDK 64-Bit Server VM warning: If the number of processors is expected to increase from one, then you should configure the number of parallel GC threads appropriately using -XX:ParallelGCThreads=N
[INFO] Scanning for projects...
[INFO] 
[INFO] --------------------< com.example:**osos311-demo1 >---------------------
[INFO] Building demo 1.3.0
[INFO] --------------------------------[ jar ]---------------------------------
[INFO] 
[INFO] --- maven-clean-plugin:3.1.0:clean (default-clean) @ **osos311-demo1 ---
[INFO] 
[INFO] --- maven-resources-plugin:3.1.0:resources (default-resources) @ **osos311-demo1 ---
[INFO] Using 'UTF-8' encoding to copy filtered resources.
[INFO] Copying 1 resource
[INFO] Copying 0 resource
[INFO] 
[INFO] --- maven-compiler-plugin:3.8.1:compile (default-compile) @ **osos311-demo1 ---
[INFO] Changes detected - recompiling the module!
[INFO] Compiling 2 source files to /workspace/source/target/classes
[INFO] 
[INFO] --- maven-resources-plugin:3.1.0:testResources (default-testResources) @ **osos311-demo1 ---
[INFO] Using 'UTF-8' encoding to copy filtered resources.
[INFO] skip non existing resourceDirectory /workspace/source/src/test/resources
[INFO] 
[INFO] --- maven-compiler-plugin:3.8.1:testCompile (default-testCompile) @ **osos311-demo1 ---
[INFO] Changes detected - recompiling the module!
[INFO] Compiling 1 source file to /workspace/source/target/test-classes
[INFO] 
[INFO] --- maven-surefire-plugin:3.0.0-M1:test (default-test) @ **osos311-demo1 ---
[INFO] 
[INFO] -------------------------------------------------------
[INFO]  T E S T S
[INFO] -------------------------------------------------------
[INFO] Running com.example.**osos311demo1.DemoApplicationTests
17:57:42.709 [main] DEBUG org.springframework.test.context.BootstrapUtils - Instantiating CacheAwareContextLoaderDelegate from class [org.springframework.test.context.cache.DefaultCacheAwareContextLoaderDelegate]
17:57:42.806 [main] DEBUG org.springframework.test.context.BootstrapUtils - Instantiating BootstrapContext using constructor [public org.springframework.test.context.support.DefaultBootstrapContext(java.lang.Class,org.springframework.test.context.CacheAwareContextLoaderDelegate)]
17:57:43.081 [main] DEBUG org.springframework.test.context.BootstrapUtils - Instantiating TestContextBootstrapper for test class [com.example.**osos311demo1.DemoApplicationTests] from class [org.springframework.boot.test.context.SpringBootTestContextBootstrapper]
17:57:43.126 [main] INFO org.springframework.boot.test.context.SpringBootTestContextBootstrapper - Neither @ContextConfiguration nor @ContextHierarchy found for test class [com.example.**osos311demo1.DemoApplicationTests], using SpringBootContextLoader
17:57:43.189 [main] DEBUG org.springframework.test.context.support.AbstractContextLoader - Did not detect default resource location for test class [com.example.**osos311demo1.DemoApplicationTests]: class path resource [com/example/**osos311demo1/DemoApplicationTests-context.xml] does not exist
17:57:43.189 [main] DEBUG org.springframework.test.context.support.AbstractContextLoader - Did not detect default resource location for test class [com.example.**osos311demo1.DemoApplicationTests]: class path resource [com/example/**osos311demo1/DemoApplicationTestsContext.groovy] does not exist
17:57:43.190 [main] INFO org.springframework.test.context.support.AbstractContextLoader - Could not detect default resource locations for test class [com.example.**osos311demo1.DemoApplicationTests]: no resource found for suffixes {-context.xml, Context.groovy}.
17:57:43.191 [main] INFO org.springframework.test.context.support.AnnotationConfigContextLoaderUtils - Could not detect default configuration classes for test class [com.example.**osos311demo1.DemoApplicationTests]: DemoApplicationTests does not declare any static, non-private, non-final, nested classes annotated with @Configuration.
17:57:43.489 [main] DEBUG org.springframework.test.context.support.ActiveProfilesUtils - Could not find an 'annotation declaring class' for annotation type [org.springframework.test.context.ActiveProfiles] and class [com.example.**osos311demo1.DemoApplicationTests]
17:57:43.791 [main] DEBUG org.springframework.context.annotation.ClassPathScanningCandidateComponentProvider - Identified candidate component class: file [/workspace/source/target/classes/com/example/**osos311demo1/DemoApplication.class]
17:57:43.897 [main] INFO org.springframework.boot.test.context.SpringBootTestContextBootstrapper - Found @SpringBootConfiguration com.example.**osos311demo1.DemoApplication for test class com.example.**osos311demo1.DemoApplicationTests
17:57:44.387 [main] DEBUG org.springframework.boot.test.context.SpringBootTestContextBootstrapper - @TestExecutionListeners is not present for class [com.example.**osos311demo1.DemoApplicationTests]: using defaults.
17:57:44.388 [main] INFO org.springframework.boot.test.context.SpringBootTestContextBootstrapper - Loaded default TestExecutionListener class names from location [META-INF/spring.factories]: [org.springframework.boot.test.mock.mockito.MockitoTestExecutionListener, org.springframework.boot.test.mock.mockito.ResetMocksTestExecutionListener, org.springframework.boot.test.autoconfigure.restdocs.RestDocsTestExecutionListener, org.springframework.boot.test.autoconfigure.web.client.MockRestServiceServerResetTestExecutionListener, org.springframework.boot.test.autoconfigure.web.servlet.MockMvcPrintOnlyOnFailureTestExecutionListener, org.springframework.boot.test.autoconfigure.web.servlet.WebDriverTestExecutionListener, org.springframework.test.context.web.ServletTestExecutionListener, org.springframework.test.context.support.DirtiesContextBeforeModesTestExecutionListener, org.springframework.test.context.support.DependencyInjectionTestExecutionListener, org.springframework.test.context.support.DirtiesContextTestExecutionListener, org.springframework.test.context.transaction.TransactionalTestExecutionListener, org.springframework.test.context.jdbc.SqlScriptsTestExecutionListener, org.springframework.test.context.event.EventPublishingTestExecutionListener]
17:57:44.414 [main] DEBUG org.springframework.boot.test.context.SpringBootTestContextBootstrapper - Skipping candidate TestExecutionListener [org.springframework.test.context.transaction.TransactionalTestExecutionListener] due to a missing dependency. Specify custom listener classes or make the default listener classes and their required dependencies available. Offending class: [org/springframework/transaction/TransactionDefinition]
17:57:44.483 [main] DEBUG org.springframework.boot.test.context.SpringBootTestContextBootstrapper - Skipping candidate TestExecutionListener [org.springframework.test.context.jdbc.SqlScriptsTestExecutionListener] due to a missing dependency. Specify custom listener classes or make the default listener classes and their required dependencies available. Offending class: [org/springframework/transaction/interceptor/TransactionAttribute]
17:57:44.484 [main] INFO org.springframework.boot.test.context.SpringBootTestContextBootstrapper - Using TestExecutionListeners: [org.springframework.test.context.web.ServletTestExecutionListener@52af26ee, org.springframework.test.context.support.DirtiesContextBeforeModesTestExecutionListener@6fd83fc1, org.springframework.boot.test.mock.mockito.MockitoTestExecutionListener@4f2b503c, org.springframework.boot.test.autoconfigure.SpringBootDependencyInjectionTestExecutionListener@bae7dc0, org.springframework.test.context.support.DirtiesContextTestExecutionListener@209da20d, org.springframework.test.context.event.EventPublishingTestExecutionListener@e15b7e8, org.springframework.boot.test.mock.mockito.ResetMocksTestExecutionListener@1b2abca6, org.springframework.boot.test.autoconfigure.restdocs.RestDocsTestExecutionListener@6392827e, org.springframework.boot.test.autoconfigure.web.client.MockRestServiceServerResetTestExecutionListener@2ed2d9cb, org.springframework.boot.test.autoconfigure.web.servlet.MockMvcPrintOnlyOnFailureTestExecutionListener@d5b810e, org.springframework.boot.test.autoconfigure.web.servlet.WebDriverTestExecutionListener@43dac38f]
17:57:44.494 [main] DEBUG org.springframework.test.context.support.AbstractDirtiesContextTestExecutionListener - Before test class: context [DefaultTestContext@3a44431a testClass = DemoApplicationTests, testInstance = [null], testMethod = [null], testException = [null], mergedContextConfiguration = [WebMergedContextConfiguration@3c7f66c4 testClass = DemoApplicationTests, locations = '{}', classes = '{class com.example.**osos311demo1.DemoApplication}', contextInitializerClasses = '[]', activeProfiles = '{}', propertySourceLocations = '{}', propertySourceProperties = '{org.springframework.boot.test.context.SpringBootTestContextBootstrapper=true}', contextCustomizers = set[org.springframework.boot.test.context.filter.ExcludeFilterContextCustomizer@7c469c48, org.springframework.boot.test.json.DuplicateJsonObjectContextCustomizerFactory$DuplicateJsonObjectContextCustomizer@1677d1, org.springframework.boot.test.mock.mockito.MockitoContextCustomizer@0, org.springframework.boot.test.web.client.TestRestTemplateContextCustomizer@433d61fb, org.springframework.boot.test.autoconfigure.properties.PropertyMappingContextCustomizer@0, org.springframework.boot.test.autoconfigure.web.servlet.WebDriverContextCustomizerFactory$Customizer@22a637e7], resourceBasePath = 'src/main/webapp', contextLoader = 'org.springframework.boot.test.context.SpringBootContextLoader', parent = [null]], attributes = map['org.springframework.test.context.web.ServletTestExecutionListener.activateListener' -> true]], class annotated with @DirtiesContext [false] with mode [null].
17:57:44.700 [main] DEBUG org.springframework.test.context.support.TestPropertySourceUtils - Adding inlined properties to environment: {spring.jmx.enabled=false, org.springframework.boot.test.context.SpringBootTestContextBootstrapper=true, server.port=-1}

  .   ____          _            __ _ _
 /\\ / ___'_ __ _ _(_)_ __  __ _ \ \ \ \
( ( )\___ | '_ | '_| | '_ \/ _` | \ \ \ \
 \\/  ___)| |_)| | | | | || (_| |  ) ) ) )
  '  |____| .__|_| |_|_| |_\__, | / / / /
 =========|_|==============|___/=/_/_/_/
 :: Spring Boot ::        (v2.2.6.RELEASE)

2020-04-19 17:57:46.289  INFO 70 --- [           main] c.e.**osos311demo1.DemoApplicationTests  : Starting DemoApplicationTests on ********-**osos311-demo1-master-gxrzs-11-from-build-pack-7xr25 with PID 70 (started by root in /workspace/source)
2020-04-19 17:57:46.293  INFO 70 --- [           main] c.e.**osos311demo1.DemoApplicationTests  : No active profile set, falling back to default profiles: default
2020-04-19 17:58:00.206  INFO 70 --- [           main] o.s.s.concurrent.ThreadPoolTaskExecutor  : Initializing ExecutorService 'applicationTaskExecutor'
2020-04-19 17:58:03.710  INFO 70 --- [           main] o.s.b.a.e.web.EndpointLinksResolver      : Exposing 2 endpoint(s) beneath base path '/actuator'
2020-04-19 17:58:05.086  INFO 70 --- [           main] c.e.**osos311demo1.DemoApplicationTests  : Started DemoApplicationTests in 20.286 seconds (JVM running for 25.556)
[INFO] Tests run: 1, Failures: 0, Errors: 0, Skipped: 0, Time elapsed: 24.479 s - in com.example.**osos311demo1.DemoApplicationTests
2020-04-19 17:58:06.692  INFO 70 --- [extShutdownHook] o.s.s.concurrent.ThreadPoolTaskExecutor  : Shutting down ExecutorService 'applicationTaskExecutor'
[INFO] 
[INFO] Results:
[INFO] 
[INFO] Tests run: 1, Failures: 0, Errors: 0, Skipped: 0
[INFO] 
[INFO] 
[INFO] --- maven-jar-plugin:3.1.2:jar (default-jar) @ **osos311-demo1 ---
[INFO] Building jar: /workspace/source/target/**osos311-demo1-1.3.0.jar
[INFO] 
[INFO] --- spring-boot-maven-plugin:2.2.6.RELEASE:repackage (repackage) @ **osos311-demo1 ---
[INFO] Replacing main artifact with repackaged archive
[INFO] 
[INFO] --- maven-install-plugin:2.5.2:install (default-install) @ **osos311-demo1 ---
[INFO] Installing /workspace/source/target/**osos311-demo1-1.3.0.jar to /home/jenkins/.mvnrepository/com/example/**osos311-demo1/1.3.0/**osos311-demo1-1.3.0.jar
[INFO] Installing /workspace/source/pom.xml to /home/jenkins/.mvnrepository/com/example/**osos311-demo1/1.3.0/**osos311-demo1-1.3.0.pom
[INFO] 
[INFO] --- maven-deploy-plugin:2.8.2:deploy (default-deploy) @ **osos311-demo1 ---
[INFO] Using alternate deployment repository local-nexus::default::http://nexus/repository/maven-releases/
[INFO] ------------------------------------------------------------------------
[INFO] BUILD SUCCESS
[INFO] ------------------------------------------------------------------------
[INFO] Total time:  01:17 min
[INFO] Finished at: 2020-04-19T17:58:18Z
[INFO] ------------------------------------------------------------------------

Showing logs for build [32mtroyhart-jxosos311-demo1-master-gxrzs-11[0m stage [32mfrom-build-pack[0m and container [32mstep-build-skaffold-version[0m
v1.0.1

Showing logs for build [32mtroyhart-jxosos311-demo1-master-gxrzs-11[0m stage [32mfrom-build-pack[0m and container [32mstep-build-container-build[0m
[36mINFO[0m[0000] Resolved base name openjdk:8-jdk-slim to openjdk:8-jdk-slim 
[36mINFO[0m[0000] Using dockerignore file: /workspace/source/.dockerignore 
[36mINFO[0m[0000] Resolved base name openjdk:8-jdk-slim to openjdk:8-jdk-slim 
[36mINFO[0m[0000] Retrieving image manifest openjdk:8-jdk-slim 
[36mINFO[0m[0001] Retrieving image manifest openjdk:8-jdk-slim 
[36mINFO[0m[0002] Built cross stage deps: map[]                
[36mINFO[0m[0002] Retrieving image manifest openjdk:8-jdk-slim 
[36mINFO[0m[0002] Retrieving image manifest openjdk:8-jdk-slim 
[36mINFO[0m[0003] cmd: EXPOSE                                  
[36mINFO[0m[0003] Adding exposed port: 8080/tcp                
[36mINFO[0m[0003] Resolving srcs [pom.xml target/lib*]...      
end of resolve sources
[36mINFO[0m[0003] Checking for cached layer docker-registry.default.svc.cluster.local:5000/todo/cache:0f9ca33628a2f60bb1f4139bbcd928ba294ac8c4b7f3265db86daee61568471a... 
[36mINFO[0m[0003] No cached layer found for cmd COPY pom.xml target/lib* /opt/lib/ 
[36mINFO[0m[0003] Resolving srcs [target/*.jar]...             
end of resolve sources
[36mINFO[0m[0003] Unpacking rootfs as cmd COPY pom.xml target/lib* /opt/lib/ requires it. 
[36mINFO[0m[0022] Taking snapshot of full filesystem...        
[36mINFO[0m[0022] Resolving paths                              
[36mINFO[0m[0025] ENV PORT 8080                                
[36mINFO[0m[0025] No files changed in this command, skipping snapshotting. 
[36mINFO[0m[0025] ENV CLASSPATH /opt/lib                       
[36mINFO[0m[0025] No files changed in this command, skipping snapshotting. 
[36mINFO[0m[0025] EXPOSE 8080                                  
[36mINFO[0m[0025] cmd: EXPOSE                                  
[36mINFO[0m[0025] Adding exposed port: 8080/tcp                
[36mINFO[0m[0025] No files changed in this command, skipping snapshotting. 
[36mINFO[0m[0025] Resolving srcs [pom.xml target/lib*]...      
end of resolve sources
[36mINFO[0m[0025] COPY pom.xml target/lib* /opt/lib/           
[36mINFO[0m[0025] Resolving srcs [pom.xml target/lib*]...      
end of resolve sources
[36mINFO[0m[0025] Resolving paths                              
[36mINFO[0m[0025] Taking snapshot of files...                  
[36mINFO[0m[0025] Resolving srcs [target/*.jar]...             
[36mINFO[0m[0025] Pushing layer docker-registry.default.svc.cluster.local:5000/todo/cache:0f9ca33628a2f60bb1f4139bbcd928ba294ac8c4b7f3265db86daee61568471a to cache now 
end of resolve sources
[36mINFO[0m[0025] COPY target/*.jar /opt/app.jar               
[36mINFO[0m[0025] Resolving srcs [target/*.jar]...             
end of resolve sources
[36mINFO[0m[0025] Resolving paths                              
[36mINFO[0m[0025] Taking snapshot of files...                  
[36mINFO[0m[0027] WORKDIR /opt                                 
[36mINFO[0m[0027] cmd: workdir                                 
[36mINFO[0m[0027] Changed working directory to /opt            
[36mINFO[0m[0027] No files changed in this command, skipping snapshotting. 
[36mINFO[0m[0027] CMD ["java", "-XX:+UnlockExperimentalVMOptions", "-XX:+UseCGroupMemoryLimitForHeap", "-jar", "app.jar"] 
[36mINFO[0m[0027] No files changed in this command, skipping snapshotting. 
[36mINFO[0m[0027] Pushing layer docker-registry.default.svc.cluster.local:5000/todo/cache:56ea4d82e79d1e811e3195264b6638e2e16f417ad731d272ca2334b6772ade12 to cache now 
[33mWARN[0m[0030] error uploading layer to cache: failed to push to destination docker-registry.default.svc.cluster.local:5000/todo/cache:0f9ca33628a2f60bb1f4139bbcd928ba294ac8c4b7f3265db86daee61568471a: UNKNOWN: unknown error; map[Code:ImageStream:Unknown Err:map[ErrStatus:map[code:404 details:map[kind:namespaces name:todo] message:namespaces "todo" not found metadata:map[] reason:NotFound status:Failure]] Message:CreateImageStreamMapping: error creation of todo/cache ImageStreamMapping] 

Showing logs for build [32mtroyhart-jxosos311-demo1-master-gxrzs-11[0m stage [32mfrom-build-pack[0m and container [32mstep-build-post-build[0m
no CVE provider running in the current ** namespace so skip adding image to be analysed

Showing logs for build [32mtroyhart-jxosos311-demo1-master-gxrzs-11[0m stage [32mfrom-build-pack[0m and container [32mstep-promote-changelog[0m
Converted /workspace/source/charts/**osos311-demo1 to an unshallow repository
Generating change log from git ref 4203dabdf3bd22e23a96ba60fcd59262550092c1 => 5a95fe8e733aa3d14b836d43312ffdd47f3b32ad
Associating user ******** in users.jenkins.io with email thart@myriad.com to git GitProvider user with login -0 as emails match
Adding label jenkins.io/git-github-userid=-0 to user ******** in users.jenkins.io
WARNING: Failed to enrich commit 13d44d4959db1f40c89a5090737368483d4e1bfb with issues: User.jenkins.io "********" is invalid: metadata.labels: Invalid value: "-0": a valid label must be an empty string or consist of alphanumeric characters, '-', '_' or '.', and must start and end with an alphanumeric character (e.g. 'MyValue',  or 'my_value',  or '12345', regex used for validation is '(([A-Za-z0-9][-A-Za-z0-9_.]*)?[A-Za-z0-9])?')
Associating user x-0 in users.jenkins.io with email troy.hart@gmail.com to git GitProvider user with login -0 as emails match
Adding label jenkins.io/git-github-userid=-0 to user x-0 in users.jenkins.io
WARNING: Failed to enrich commit 13d44d4959db1f40c89a5090737368483d4e1bfb with issues: User.jenkins.io "x-0" is invalid: metadata.labels: Invalid value: "-0": a valid label must be an empty string or consist of alphanumeric characters, '-', '_' or '.', and must start and end with an alphanumeric character (e.g. 'MyValue',  or 'my_value',  or '12345', regex used for validation is '(([A-Za-z0-9][-A-Za-z0-9_.]*)?[A-Za-z0-9])?')
Finding issues in commit messages using git format
WARNING: No release found for ********/**osos311-demo1 and tag v1.3.0 so creating a new release
Updated the release information at https://github.com/********/**osos311-demo1/releases/tag/v1.3.0
generated: /workspace/source/charts/**osos311-demo1/templates/release.yaml
Created Release **osos311-demo1-1-3-0 resource in namespace **
Updating PipelineActivity ********-**osos311-demo1-master-11 with version 1.3.0
Updated PipelineActivities ********-**osos311-demo1-master-11 with release notes URL: https://github.com/********/**osos311-demo1/releases/tag/v1.3.0

Showing logs for build [32mtroyhart-jxosos311-demo1-master-gxrzs-11[0m stage [32mfrom-build-pack[0m and container [32mstep-promote-helm-release[0m
WARNING: No $CHART_REPOSITORY defined so using the default value of: http://jenkins-x-chartmuseum:8080
Adding missing Helm repo: storage.googleapis.com https://storage.googleapis.com/chartmuseum.jenkins-x.io
Successfully added Helm repository storage.googleapis.com.
Adding missing Helm repo: jenkins-x-chartmuseum http://jenkins-x-chartmuseum:8080
Successfully added Helm repository jenkins-x-chartmuseum.
WARNING: No $CHART_REPOSITORY defined so using the default value of: http://jenkins-x-chartmuseum:8080
Uploading chart file **osos311-demo1-1.3.0.tgz to http://jenkins-x-chartmuseum:8080/api/charts
Received 201 response: {"saved":true}

Showing logs for build [32mtroyhart-jxosos311-demo1-master-gxrzs-11[0m stage [32mfrom-build-pack[0m and container [32mstep-promote-jx-promote[0m
WARNING: prow based install so skip waiting for the merge of Pull Requests to go green as currently there is an issue with gettingstatuses from the PR, see https://github.com/jenkins-x/**/issues/2410
WARNING: No $CHART_REPOSITORY defined so using the default value of: http://jenkins-x-chartmuseum:8080
Promoting app **osos311-demo1 version 1.3.0 to namespace **-staging
WARNING: 
Created Pull Request: https://github.com/********/environment-**osopsdemoos311-staging/pull/16
Added label updatebot to Pull Request https://github.com/********/environment-**osopsdemoos311-staging/pull/16
got git provider status pending from PR https://github.com/********/environment-**osopsdemoos311-staging/pull/16
got git provider status pending from PR https://github.com/********/environment-**osopsdemoos311-staging/pull/16
got git provider status pending from PR https://github.com/********/environment-**osopsdemoos311-staging/pull/16
got git provider status pending from PR https://github.com/********/environment-**osopsdemoos311-staging/pull/16
got git provider status pending from PR https://github.com/********/environment-**osopsdemoos311-staging/pull/16
got git provider status pending from PR https://github.com/********/environment-**osopsdemoos311-staging/pull/16
got git provider status pending from PR https://github.com/********/environment-**osopsdemoos311-staging/pull/16
Pull Request https://github.com/********/environment-**osopsdemoos311-staging/pull/16 is merged at sha c4382a3d22e96754e5880943a44948cc8848c827
Pull Request merged but we are not waiting for the update pipeline to complete!
WARNING: Could not find the service URL in namespace **-staging for names **osos311-demo1, **-**osos311-demo1, **-staging-**osos311-demo1
